# JRE version: Java(TM) SE Runtime Environment (12.0.1+12) (build 12.0.1+12)
# Java VM: Java HotSpot(TM) 64-Bit Server VM (12.0.1+12, mixed mode, sharing, tiered, compressed oops, g1 gc, windows-amd64)
Heap:
 garbage-first heap   total 32768K, used 14157K [0x00000000e1a00000, 0x0000000100000000)
  region size 1024K, 4 young (4096K), 1 survivors (1024K)
 Metaspace       used 21860K, capacity 22429K, committed 22704K, reserved 1069056K
  class space    used 2496K, capacity 2706K, committed 2816K, reserved 1048576K
GC Heap History (10 events):
Event: 168.835 GC heap before
{Heap before GC invocations=17 (full 0):
 garbage-first heap   total 32768K, used 25368K [0x00000000e1a00000, 0x0000000100000000)
  region size 1024K, 14 young (14336K), 1 survivors (1024K)
 Metaspace       used 21086K, capacity 21660K, committed 21808K, reserved 1069056K
  class space    used 2436K, capacity 2635K, committed 2688K, reserved 1048576K
}
Event: 168.837 GC heap after
{Heap after GC invocations=18 (full 0):
 garbage-first heap   total 32768K, used 12079K [0x00000000e1a00000, 0x0000000100000000)
  region size 1024K, 1 young (1024K), 1 survivors (1024K)
 Metaspace       used 21086K, capacity 21660K, committed 21808K, reserved 1069056K
  class space    used 2436K, capacity 2635K, committed 2688K, reserved 1048576K
}
Event: 170.118 GC heap before
{Heap before GC invocations=18 (full 0):
 garbage-first heap   total 32768K, used 25391K [0x00000000e1a00000, 0x0000000100000000)
  region size 1024K, 14 young (14336K), 1 survivors (1024K)
 Metaspace       used 21158K, capacity 21763K, committed 22064K, reserved 1069056K
  class space    used 2436K, capacity 2635K, committed 2688K, reserved 1048576K
}
Event: 170.119 GC heap after
{Heap after GC invocations=19 (full 0):
 garbage-first heap   total 32768K, used 12097K [0x00000000e1a00000, 0x0000000100000000)
  region size 1024K, 1 young (1024K), 1 survivors (1024K)
 Metaspace       used 21158K, capacity 21763K, committed 22064K, reserved 1069056K
  class space    used 2436K, capacity 2635K, committed 2688K, reserved 1048576K
}
Event: 171.530 GC heap before
{Heap before GC invocations=19 (full 0):
 garbage-first heap   total 32768K, used 25409K [0x00000000e1a00000, 0x0000000100000000)
  region size 1024K, 14 young (14336K), 1 survivors (1024K)
 Metaspace       used 21202K, capacity 21764K, committed 22064K, reserved 1069056K
  class space    used 2436K, capacity 2635K, committed 2688K, reserved 1048576K
}
Event: 171.532 GC heap after
{Heap after GC invocations=20 (full 0):
 garbage-first heap   total 32768K, used 12102K [0x00000000e1a00000, 0x0000000100000000)
  region size 1024K, 1 young (1024K), 1 survivors (1024K)
 Metaspace       used 21202K, capacity 21764K, committed 22064K, reserved 1069056K
  class space    used 2436K, capacity 2635K, committed 2688K, reserved 1048576K
}
Event: 172.705 GC heap before
{Heap before GC invocations=20 (full 0):
 garbage-first heap   total 32768K, used 26438K [0x00000000e1a00000, 0x0000000100000000)
  region size 1024K, 15 young (15360K), 1 survivors (1024K)
 Metaspace       used 21204K, capacity 21764K, committed 22064K, reserved 1069056K
  class space    used 2436K, capacity 2635K, committed 2688K, reserved 1048576K
}
Event: 172.707 GC heap after
{Heap after GC invocations=21 (full 0):
 garbage-first heap   total 32768K, used 12083K [0x00000000e1a00000, 0x0000000100000000)
  region size 1024K, 1 young (1024K), 1 survivors (1024K)
 Metaspace       used 21204K, capacity 21764K, committed 22064K, reserved 1069056K
  class space    used 2436K, capacity 2635K, committed 2688K, reserved 1048576K
}
Event: 174.102 GC heap before
{Heap before GC invocations=21 (full 0):
 garbage-first heap   total 32768K, used 26419K [0x00000000e1a00000, 0x0000000100000000)
  region size 1024K, 15 young (15360K), 1 survivors (1024K)
 Metaspace       used 21268K, capacity 21828K, committed 22064K, reserved 1069056K
  class space    used 2436K, capacity 2635K, committed 2688K, reserved 1048576K
}
Event: 174.104 GC heap after
{Heap after GC invocations=22 (full 0):
 garbage-first heap   total 32768K, used 12109K [0x00000000e1a00000, 0x0000000100000000)
  region size 1024K, 1 young (1024K), 1 survivors (1024K)
 Metaspace       used 21268K, capacity 21828K, committed 22064K, reserved 1069056K
  class space    used 2436K, capacity 2635K, committed 2688K, reserved 1048576K
}

