<?xml version="1.0" encoding="UTF-8"?>
<testng-results ignored="0" total="2" passed="2" failed="0" skipped="0">
  <reporter-output>
  </reporter-output>
  <suite started-at="2019-08-30T18:08:50Z" name="Default suite" finished-at="2019-08-30T18:13:04Z" duration-ms="254085">
    <groups>
    </groups>
    <test started-at="2019-08-30T18:08:50Z" name="Default test" finished-at="2019-08-30T18:13:04Z" duration-ms="254085">
      <class name="base.Test8">
        <test-method is-config="true" signature="setup()[pri:0, instance:base.Test8@d83da2e]" started-at="2019-08-30T18:08:50Z" name="setup" finished-at="2019-08-30T18:09:06Z" duration-ms="16798" status="PASS">
          <reporter-output>
          </reporter-output>
        </test-method> <!-- setup -->
        <test-method signature="testApache()[pri:0, instance:base.Test8@d83da2e]" started-at="2019-08-30T18:09:06Z" name="testApache" finished-at="2019-08-30T18:12:42Z" duration-ms="215129" status="PASS">
          <reporter-output>
          </reporter-output>
        </test-method> <!-- testApache -->
        <test-method signature="writingInExcel()[pri:0, instance:base.Test8@d83da2e]" started-at="2019-08-30T18:12:42Z" name="writingInExcel" finished-at="2019-08-30T18:13:04Z" duration-ms="21924" status="PASS">
          <reporter-output>
          </reporter-output>
        </test-method> <!-- writingInExcel -->
      </class> <!-- base.Test8 -->
    </test> <!-- Default test -->
  </suite> <!-- Default suite -->
</testng-results>
